<?xml version="1.0" encoding="utf-8"?>
<CoverageSession>
  <Summary numSequencePoints="93" visitedSequencePoints="91" numBranchPoints="14" visitedBranchPoints="14" sequenceCoverage="97.84" branchCoverage="100" maxCyclomaticComplexity="21" minCyclomaticComplexity="21" visitedClasses="3" numClasses="4" visitedMethods="8" numMethods="9" />
  <Modules>
    <Module hash="5F8D39AD-D218-447C-BC37-745168E25223">
      <ModulePath>NumerosRomanos.ConsoleApp.dll</ModulePath>
      <ModuleTime>2021-06-11T06:28:26</ModuleTime>
      <ModuleName>NumerosRomanos.ConsoleApp</ModuleName>
      <Files>
        <File uid="1" fullPath="C:\Users\theem\source\repos\NumerosRomanos\NumerosRomanos.ConsoleApp\Conversor.cs" />
        <File uid="2" fullPath="C:\Users\theem\source\repos\NumerosRomanos\NumerosRomanos.ConsoleApp\ConversorBase.cs" />
        <File uid="3" fullPath="C:\Users\theem\source\repos\NumerosRomanos\NumerosRomanos.ConsoleApp\ConversorExcecoes.cs" />
        <File uid="4" fullPath="C:\Users\theem\source\repos\NumerosRomanos\NumerosRomanos.ConsoleApp\Program.cs" />
      </Files>
      <Classes>
        <Class>
          <Summary numSequencePoints="68" visitedSequencePoints="68" numBranchPoints="14" visitedBranchPoints="14" sequenceCoverage="100" branchCoverage="100" maxCyclomaticComplexity="10" minCyclomaticComplexity="1" visitedClasses="1" numClasses="1" visitedMethods="5" numMethods="5" />
          <FullName>NumerosRomanos.ConsoleApp.Conversor</FullName>
          <Methods>
            <Method cyclomaticComplexity="10" nPathComplexity="0" sequenceCoverage="100" branchCoverage="100" isConstructor="False" isGetter="False" isSetter="False" isStatic="True">
              <Summary numSequencePoints="40" visitedSequencePoints="40" numBranchPoints="10" visitedBranchPoints="10" sequenceCoverage="100" branchCoverage="100" maxCyclomaticComplexity="10" minCyclomaticComplexity="10" visitedClasses="0" numClasses="0" visitedMethods="1" numMethods="1" />
              <MetadataToken />
              <Name>System.Int32 NumerosRomanos.ConsoleApp.Conversor::ConverterRomanoParaArabico(System.String)</Name>
              <FileRef uid="1" />
              <SequencePoints>
                <SequencePoint vc="33" uspid="11" ordinal="0" sl="11" sc="1" el="11" ec="2" bec="0" bev="0" fileid="1" />
                <SequencePoint vc="33" uspid="14" ordinal="1" sl="14" sc="1" el="14" ec="2" bec="0" bev="0" fileid="1" />
                <SequencePoint vc="33" uspid="16" ordinal="2" sl="16" sc="1" el="16" ec="2" bec="0" bev="0" fileid="1" />
                <SequencePoint vc="33" uspid="19" ordinal="3" sl="19" sc="1" el="19" ec="2" bec="2" bev="2" fileid="1" />
                <SequencePoint vc="17" uspid="20" ordinal="4" sl="20" sc="1" el="20" ec="2" bec="0" bev="0" fileid="1" />
                <SequencePoint vc="17" uspid="21" ordinal="5" sl="21" sc="1" el="21" ec="2" bec="0" bev="0" fileid="1" />
                <SequencePoint vc="17" uspid="22" ordinal="6" sl="22" sc="1" el="22" ec="2" bec="0" bev="0" fileid="1" />
                <SequencePoint vc="17" uspid="23" ordinal="7" sl="23" sc="1" el="23" ec="2" bec="0" bev="0" fileid="1" />
                <SequencePoint vc="17" uspid="24" ordinal="8" sl="24" sc="1" el="24" ec="2" bec="0" bev="0" fileid="1" />
                <SequencePoint vc="17" uspid="25" ordinal="9" sl="25" sc="1" el="25" ec="2" bec="0" bev="0" fileid="1" />
                <SequencePoint vc="17" uspid="26" ordinal="10" sl="26" sc="1" el="26" ec="2" bec="0" bev="0" fileid="1" />
                <SequencePoint vc="17" uspid="27" ordinal="11" sl="27" sc="1" el="27" ec="2" bec="0" bev="0" fileid="1" />
                <SequencePoint vc="17" uspid="28" ordinal="12" sl="28" sc="1" el="28" ec="2" bec="0" bev="0" fileid="1" />
                <SequencePoint vc="17" uspid="29" ordinal="13" sl="29" sc="1" el="29" ec="2" bec="0" bev="0" fileid="1" />
                <SequencePoint vc="17" uspid="30" ordinal="14" sl="30" sc="1" el="30" ec="2" bec="0" bev="0" fileid="1" />
                <SequencePoint vc="17" uspid="31" ordinal="15" sl="31" sc="1" el="31" ec="2" bec="0" bev="0" fileid="1" />
                <SequencePoint vc="17" uspid="32" ordinal="16" sl="32" sc="1" el="32" ec="2" bec="0" bev="0" fileid="1" />
                <SequencePoint vc="17" uspid="33" ordinal="17" sl="33" sc="1" el="33" ec="2" bec="0" bev="0" fileid="1" />
                <SequencePoint vc="17" uspid="34" ordinal="18" sl="34" sc="1" el="34" ec="2" bec="0" bev="0" fileid="1" />
                <SequencePoint vc="36" uspid="36" ordinal="19" sl="36" sc="1" el="36" ec="2" bec="2" bev="2" fileid="1" />
                <SequencePoint vc="30" uspid="38" ordinal="20" sl="38" sc="1" el="38" ec="2" bec="2" bev="2" fileid="1" />
                <SequencePoint vc="8" uspid="39" ordinal="21" sl="39" sc="1" el="39" ec="2" bec="0" bev="0" fileid="1" />
                <SequencePoint vc="8" uspid="40" ordinal="22" sl="40" sc="1" el="40" ec="2" bec="0" bev="0" fileid="1" />
                <SequencePoint vc="8" uspid="42" ordinal="23" sl="42" sc="1" el="42" ec="2" bec="0" bev="0" fileid="1" />
                <SequencePoint vc="8" uspid="43" ordinal="24" sl="43" sc="1" el="43" ec="2" bec="0" bev="0" fileid="1" />
                <SequencePoint vc="8" uspid="45" ordinal="25" sl="45" sc="1" el="45" ec="2" bec="0" bev="0" fileid="1" />
                <SequencePoint vc="22" uspid="48" ordinal="26" sl="48" sc="1" el="48" ec="2" bec="0" bev="0" fileid="1" />
                <SequencePoint vc="22" uspid="49" ordinal="27" sl="49" sc="1" el="49" ec="2" bec="0" bev="0" fileid="1" />
                <SequencePoint vc="134" uspid="50" ordinal="28" sl="50" sc="1" el="50" ec="2" bec="2" bev="2" fileid="1" />
                <SequencePoint vc="45" uspid="51" ordinal="29" sl="51" sc="1" el="51" ec="2" bec="0" bev="0" fileid="1" />
                <SequencePoint vc="45" uspid="52" ordinal="30" sl="52" sc="1" el="52" ec="2" bec="0" bev="0" fileid="1" />
                <SequencePoint vc="45" uspid="54" ordinal="31" sl="54" sc="1" el="54" ec="2" bec="2" bev="2" fileid="1" />
                <SequencePoint vc="6" uspid="55" ordinal="32" sl="55" sc="1" el="55" ec="2" bec="0" bev="0" fileid="1" />
                <SequencePoint vc="39" uspid="57" ordinal="33" sl="57" sc="1" el="57" ec="2" bec="0" bev="0" fileid="1" />
                <SequencePoint vc="39" uspid="58" ordinal="34" sl="58" sc="1" el="58" ec="2" bec="0" bev="0" fileid="1" />
                <SequencePoint vc="39" uspid="59" ordinal="35" sl="59" sc="1" el="59" ec="2" bec="0" bev="0" fileid="1" />
                <SequencePoint vc="39" uspid="60" ordinal="36" sl="60" sc="1" el="60" ec="2" bec="0" bev="0" fileid="1" />
                <SequencePoint vc="45" uspid="61" ordinal="37" sl="61" sc="1" el="61" ec="2" bec="0" bev="0" fileid="1" />
                <SequencePoint vc="22" uspid="64" ordinal="38" sl="64" sc="1" el="64" ec="2" bec="0" bev="0" fileid="1" />
                <SequencePoint vc="33" uspid="65" ordinal="39" sl="65" sc="1" el="65" ec="2" bec="0" bev="0" fileid="1" />
              </SequencePoints>
              <BranchPoints>
                <BranchPoint vc="17" uspid="19" ordinal="0" path="0" offset="27" offsetend="32" sl="19" fileid="1" />
                <BranchPoint vc="33" uspid="19" ordinal="1" path="1" offset="27" offsetend="274" sl="19" fileid="1" />
                <BranchPoint vc="3" uspid="36" ordinal="2" path="0" offset="284" offsetend="286" sl="36" fileid="1" />
                <BranchPoint vc="30" uspid="36" ordinal="3" path="1" offset="284" offsetend="294" sl="36" fileid="1" />
                <BranchPoint vc="8" uspid="38" ordinal="4" path="0" offset="304" offsetend="306" sl="38" fileid="1" />
                <BranchPoint vc="22" uspid="38" ordinal="5" path="1" offset="304" offsetend="369" sl="38" fileid="1" />
                <BranchPoint vc="45" uspid="50" ordinal="9" path="1" offset="455" offsetend="385" sl="50" fileid="1" />
                <BranchPoint vc="6" uspid="54" ordinal="6" path="0" offset="417" offsetend="419" sl="54" fileid="1" />
                <BranchPoint vc="39" uspid="54" ordinal="7" path="1" offset="417" offsetend="426" sl="54" fileid="1" />
                <BranchPoint vc="22" uspid="50" ordinal="8" path="0" offset="455" offsetend="457" sl="50" fileid="1" />
              </BranchPoints>
              <MethodPoint vc="40" uspid="0" p8:type="SequencePoint" ordinal="0" offset="0" sc="0" sl="11" ec="1" el="65" bec="0" bev="0" fileid="1" xmlns:p8="xsi" />
            </Method>
            <Method cyclomaticComplexity="4" nPathComplexity="0" sequenceCoverage="100" branchCoverage="100" isConstructor="False" isGetter="False" isSetter="False" isStatic="True">
              <Summary numSequencePoints="21" visitedSequencePoints="21" numBranchPoints="4" visitedBranchPoints="4" sequenceCoverage="100" branchCoverage="100" maxCyclomaticComplexity="4" minCyclomaticComplexity="4" visitedClasses="0" numClasses="0" visitedMethods="1" numMethods="1" />
              <MetadataToken />
              <Name>System.String NumerosRomanos.ConsoleApp.Conversor::ConverterArabicoParaRomano(System.Int32)</Name>
              <FileRef uid="1" />
              <SequencePoints>
                <SequencePoint vc="21" uspid="70" ordinal="0" sl="70" sc="1" el="70" ec="2" bec="0" bev="0" fileid="1" />
                <SequencePoint vc="21" uspid="71" ordinal="1" sl="71" sc="1" el="71" ec="2" bec="2" bev="2" fileid="1" />
                <SequencePoint vc="7" uspid="72" ordinal="2" sl="72" sc="1" el="72" ec="2" bec="0" bev="0" fileid="1" />
                <SequencePoint vc="7" uspid="73" ordinal="3" sl="73" sc="1" el="73" ec="2" bec="0" bev="0" fileid="1" />
                <SequencePoint vc="7" uspid="74" ordinal="4" sl="74" sc="1" el="74" ec="2" bec="0" bev="0" fileid="1" />
                <SequencePoint vc="7" uspid="75" ordinal="5" sl="75" sc="1" el="75" ec="2" bec="0" bev="0" fileid="1" />
                <SequencePoint vc="7" uspid="76" ordinal="6" sl="76" sc="1" el="76" ec="2" bec="0" bev="0" fileid="1" />
                <SequencePoint vc="14" uspid="79" ordinal="7" sl="79" sc="1" el="79" ec="2" bec="0" bev="0" fileid="1" />
                <SequencePoint vc="14" uspid="82" ordinal="8" sl="82" sc="1" el="82" ec="2" bec="0" bev="0" fileid="1" />
                <SequencePoint vc="14" uspid="83" ordinal="9" sl="83" sc="1" el="83" ec="2" bec="2" bev="2" fileid="1" />
                <SequencePoint vc="14" uspid="84" ordinal="10" sl="84" sc="1" el="84" ec="2" bec="0" bev="0" fileid="1" />
                <SequencePoint vc="14" uspid="86" ordinal="11" sl="86" sc="1" el="86" ec="2" bec="0" bev="0" fileid="1" />
                <SequencePoint vc="14" uspid="88" ordinal="12" sl="88" sc="1" el="88" ec="2" bec="0" bev="0" fileid="1" />
                <SequencePoint vc="14" uspid="89" ordinal="13" sl="89" sc="1" el="89" ec="2" bec="0" bev="0" fileid="1" />
                <SequencePoint vc="14" uspid="90" ordinal="14" sl="90" sc="1" el="90" ec="2" bec="0" bev="0" fileid="1" />
                <SequencePoint vc="14" uspid="92" ordinal="15" sl="92" sc="1" el="92" ec="2" bec="0" bev="0" fileid="1" />
                <SequencePoint vc="14" uspid="93" ordinal="16" sl="93" sc="1" el="93" ec="2" bec="0" bev="0" fileid="1" />
                <SequencePoint vc="14" uspid="94" ordinal="17" sl="94" sc="1" el="94" ec="2" bec="0" bev="0" fileid="1" />
                <SequencePoint vc="14" uspid="96" ordinal="18" sl="96" sc="1" el="96" ec="2" bec="0" bev="0" fileid="1" />
                <SequencePoint vc="14" uspid="98" ordinal="19" sl="98" sc="1" el="98" ec="2" bec="0" bev="0" fileid="1" />
                <SequencePoint vc="21" uspid="99" ordinal="20" sl="99" sc="1" el="99" ec="2" bec="0" bev="0" fileid="1" />
              </SequencePoints>
              <BranchPoints>
                <BranchPoint vc="7" uspid="71" ordinal="0" path="0" offset="14" offsetend="16" sl="71" fileid="1" />
                <BranchPoint vc="14" uspid="71" ordinal="1" path="1" offset="14" offsetend="57" sl="71" fileid="1" />
                <BranchPoint vc="14" uspid="83" ordinal="2" path="0" offset="83" offsetend="85" sl="83" fileid="1" />
                <BranchPoint vc="14" uspid="83" ordinal="3" path="1" offset="83" offsetend="100" sl="83" fileid="1" />
              </BranchPoints>
              <MethodPoint vc="21" uspid="0" p8:type="SequencePoint" ordinal="1" offset="1" sc="0" sl="70" ec="1" el="99" bec="0" bev="0" fileid="1" xmlns:p8="xsi" />
            </Method>
            <Method cyclomaticComplexity="1" nPathComplexity="0" sequenceCoverage="100" branchCoverage="100" isConstructor="False" isGetter="False" isSetter="False" isStatic="True">
              <Summary numSequencePoints="3" visitedSequencePoints="3" numBranchPoints="0" visitedBranchPoints="0" sequenceCoverage="100" branchCoverage="100" maxCyclomaticComplexity="1" minCyclomaticComplexity="1" visitedClasses="0" numClasses="0" visitedMethods="1" numMethods="1" />
              <MetadataToken />
              <Name>System.Boolean NumerosRomanos.ConsoleApp.Conversor::EhMaiorIgualA4Mil(System.String)</Name>
              <FileRef uid="1" />
              <SequencePoints>
                <SequencePoint vc="30" uspid="110" ordinal="0" sl="110" sc="1" el="110" ec="2" bec="0" bev="0" fileid="1" />
                <SequencePoint vc="30" uspid="111" ordinal="1" sl="111" sc="1" el="111" ec="2" bec="0" bev="0" fileid="1" />
                <SequencePoint vc="30" uspid="112" ordinal="2" sl="112" sc="1" el="112" ec="2" bec="0" bev="0" fileid="1" />
              </SequencePoints>
              <BranchPoints />
              <MethodPoint vc="3" uspid="0" p8:type="SequencePoint" ordinal="2" offset="2" sc="0" sl="110" ec="1" el="112" bec="0" bev="0" fileid="1" xmlns:p8="xsi" />
            </Method>
            <Method cyclomaticComplexity="1" nPathComplexity="0" sequenceCoverage="100" branchCoverage="100" isConstructor="False" isGetter="False" isSetter="False" isStatic="True">
              <Summary numSequencePoints="3" visitedSequencePoints="3" numBranchPoints="0" visitedBranchPoints="0" sequenceCoverage="100" branchCoverage="100" maxCyclomaticComplexity="1" minCyclomaticComplexity="1" visitedClasses="0" numClasses="0" visitedMethods="1" numMethods="1" />
              <MetadataToken />
              <Name>System.Boolean NumerosRomanos.ConsoleApp.Conversor::EhIgualAZero(System.String)</Name>
              <FileRef uid="1" />
              <SequencePoints>
                <SequencePoint vc="33" uspid="115" ordinal="0" sl="115" sc="1" el="115" ec="2" bec="0" bev="0" fileid="1" />
                <SequencePoint vc="33" uspid="116" ordinal="1" sl="116" sc="1" el="116" ec="2" bec="0" bev="0" fileid="1" />
                <SequencePoint vc="33" uspid="117" ordinal="2" sl="117" sc="1" el="117" ec="2" bec="0" bev="0" fileid="1" />
              </SequencePoints>
              <BranchPoints />
              <MethodPoint vc="3" uspid="0" p8:type="SequencePoint" ordinal="3" offset="3" sc="0" sl="115" ec="1" el="117" bec="0" bev="0" fileid="1" xmlns:p8="xsi" />
            </Method>
            <Method cyclomaticComplexity="1" nPathComplexity="0" sequenceCoverage="100" branchCoverage="100" isConstructor="True" isGetter="False" isSetter="False" isStatic="True">
              <Summary numSequencePoints="1" visitedSequencePoints="1" numBranchPoints="0" visitedBranchPoints="0" sequenceCoverage="100" branchCoverage="100" maxCyclomaticComplexity="1" minCyclomaticComplexity="1" visitedClasses="0" numClasses="0" visitedMethods="1" numMethods="1" />
              <MetadataToken />
              <Name>System.Void NumerosRomanos.ConsoleApp.Conversor::.ctor()</Name>
              <FileRef uid="1" />
              <SequencePoints>
                <SequencePoint vc="31" uspid="8" ordinal="0" sl="8" sc="1" el="8" ec="2" bec="0" bev="0" fileid="1" />
              </SequencePoints>
              <BranchPoints />
              <MethodPoint vc="1" uspid="0" p8:type="SequencePoint" ordinal="4" offset="4" sc="0" sl="8" ec="1" el="8" bec="0" bev="0" fileid="1" xmlns:p8="xsi" />
            </Method>
          </Methods>
        </Class>
        <Class>
          <Summary numSequencePoints="8" visitedSequencePoints="8" numBranchPoints="0" visitedBranchPoints="0" sequenceCoverage="100" branchCoverage="100" maxCyclomaticComplexity="1" minCyclomaticComplexity="1" visitedClasses="1" numClasses="1" visitedMethods="1" numMethods="1" />
          <FullName>NumerosRomanos.ConsoleApp.ConversorBase</FullName>
          <Methods>
            <Method cyclomaticComplexity="1" nPathComplexity="0" sequenceCoverage="100" branchCoverage="100" isConstructor="True" isGetter="False" isSetter="False" isStatic="True">
              <Summary numSequencePoints="8" visitedSequencePoints="8" numBranchPoints="0" visitedBranchPoints="0" sequenceCoverage="100" branchCoverage="100" maxCyclomaticComplexity="1" minCyclomaticComplexity="1" visitedClasses="0" numClasses="0" visitedMethods="1" numMethods="1" />
              <MetadataToken />
              <Name>System.Void NumerosRomanos.ConsoleApp.ConversorBase::.ctor()</Name>
              <FileRef uid="2" />
              <SequencePoints>
                <SequencePoint vc="64" uspid="12" ordinal="0" sl="12" sc="1" el="12" ec="2" bec="0" bev="0" fileid="2" />
                <SequencePoint vc="64" uspid="13" ordinal="1" sl="13" sc="1" el="13" ec="2" bec="0" bev="0" fileid="2" />
                <SequencePoint vc="64" uspid="14" ordinal="2" sl="14" sc="1" el="14" ec="2" bec="0" bev="0" fileid="2" />
                <SequencePoint vc="64" uspid="15" ordinal="3" sl="15" sc="1" el="15" ec="2" bec="0" bev="0" fileid="2" />
                <SequencePoint vc="64" uspid="16" ordinal="4" sl="16" sc="1" el="16" ec="2" bec="0" bev="0" fileid="2" />
                <SequencePoint vc="64" uspid="17" ordinal="5" sl="17" sc="1" el="17" ec="2" bec="0" bev="0" fileid="2" />
                <SequencePoint vc="64" uspid="18" ordinal="6" sl="18" sc="1" el="18" ec="2" bec="0" bev="0" fileid="2" />
                <SequencePoint vc="64" uspid="19" ordinal="7" sl="19" sc="1" el="19" ec="2" bec="0" bev="0" fileid="2" />
              </SequencePoints>
              <BranchPoints />
              <MethodPoint vc="8" uspid="0" p8:type="SequencePoint" ordinal="0" offset="0" sc="0" sl="12" ec="1" el="19" bec="0" bev="0" fileid="2" xmlns:p8="xsi" />
            </Method>
          </Methods>
        </Class>
        <Class>
          <Summary numSequencePoints="15" visitedSequencePoints="15" numBranchPoints="0" visitedBranchPoints="0" sequenceCoverage="100" branchCoverage="100" maxCyclomaticComplexity="1" minCyclomaticComplexity="1" visitedClasses="1" numClasses="1" visitedMethods="2" numMethods="2" />
          <FullName>NumerosRomanos.ConsoleApp.ConversorExcecoes</FullName>
          <Methods>
            <Method cyclomaticComplexity="1" nPathComplexity="0" sequenceCoverage="100" branchCoverage="100" isConstructor="False" isGetter="False" isSetter="False" isStatic="True">
              <Summary numSequencePoints="10" visitedSequencePoints="10" numBranchPoints="0" visitedBranchPoints="0" sequenceCoverage="100" branchCoverage="100" maxCyclomaticComplexity="1" minCyclomaticComplexity="1" visitedClasses="0" numClasses="0" visitedMethods="1" numMethods="1" />
              <MetadataToken />
              <Name>System.String NumerosRomanos.ConsoleApp.ConversorExcecoes::ConfigurarRomanoMaiorQue4Mil(System.String)</Name>
              <FileRef uid="3" />
              <SequencePoints>
                <SequencePoint vc="33" uspid="8" ordinal="0" sl="8" sc="1" el="8" ec="2" bec="0" bev="0" fileid="3" />
                <SequencePoint vc="33" uspid="9" ordinal="1" sl="9" sc="1" el="9" ec="2" bec="0" bev="0" fileid="3" />
                <SequencePoint vc="33" uspid="10" ordinal="2" sl="10" sc="1" el="10" ec="2" bec="0" bev="0" fileid="3" />
                <SequencePoint vc="33" uspid="11" ordinal="3" sl="11" sc="1" el="11" ec="2" bec="0" bev="0" fileid="3" />
                <SequencePoint vc="33" uspid="12" ordinal="4" sl="12" sc="1" el="12" ec="2" bec="0" bev="0" fileid="3" />
                <SequencePoint vc="33" uspid="13" ordinal="5" sl="13" sc="1" el="13" ec="2" bec="0" bev="0" fileid="3" />
                <SequencePoint vc="33" uspid="14" ordinal="6" sl="14" sc="1" el="14" ec="2" bec="0" bev="0" fileid="3" />
                <SequencePoint vc="33" uspid="15" ordinal="7" sl="15" sc="1" el="15" ec="2" bec="0" bev="0" fileid="3" />
                <SequencePoint vc="33" uspid="16" ordinal="8" sl="16" sc="1" el="16" ec="2" bec="0" bev="0" fileid="3" />
                <SequencePoint vc="33" uspid="17" ordinal="9" sl="17" sc="1" el="17" ec="2" bec="0" bev="0" fileid="3" />
              </SequencePoints>
              <BranchPoints />
              <MethodPoint vc="10" uspid="0" p8:type="SequencePoint" ordinal="0" offset="0" sc="0" sl="8" ec="1" el="17" bec="0" bev="0" fileid="3" xmlns:p8="xsi" />
            </Method>
            <Method cyclomaticComplexity="1" nPathComplexity="0" sequenceCoverage="100" branchCoverage="100" isConstructor="False" isGetter="False" isSetter="False" isStatic="True">
              <Summary numSequencePoints="5" visitedSequencePoints="5" numBranchPoints="0" visitedBranchPoints="0" sequenceCoverage="100" branchCoverage="100" maxCyclomaticComplexity="1" minCyclomaticComplexity="1" visitedClasses="0" numClasses="0" visitedMethods="1" numMethods="1" />
              <MetadataToken />
              <Name>System.String NumerosRomanos.ConsoleApp.ConversorExcecoes::ConverterUnidadeMilharMaiorIgualQue4Mil(System.Int32)</Name>
              <FileRef uid="3" />
              <SequencePoints>
                <SequencePoint vc="7" uspid="20" ordinal="0" sl="20" sc="1" el="20" ec="2" bec="0" bev="0" fileid="3" />
                <SequencePoint vc="7" uspid="21" ordinal="1" sl="21" sc="1" el="21" ec="2" bec="0" bev="0" fileid="3" />
                <SequencePoint vc="7" uspid="23" ordinal="2" sl="23" sc="1" el="23" ec="2" bec="0" bev="0" fileid="3" />
                <SequencePoint vc="7" uspid="25" ordinal="3" sl="25" sc="1" el="25" ec="2" bec="0" bev="0" fileid="3" />
                <SequencePoint vc="7" uspid="26" ordinal="4" sl="26" sc="1" el="26" ec="2" bec="0" bev="0" fileid="3" />
              </SequencePoints>
              <BranchPoints />
              <MethodPoint vc="5" uspid="0" p8:type="SequencePoint" ordinal="1" offset="1" sc="0" sl="20" ec="1" el="26" bec="0" bev="0" fileid="3" xmlns:p8="xsi" />
            </Method>
          </Methods>
        </Class>
        <Class>
          <Summary numSequencePoints="2" visitedSequencePoints="0" numBranchPoints="0" visitedBranchPoints="0" sequenceCoverage="0" branchCoverage="100" maxCyclomaticComplexity="1" minCyclomaticComplexity="1" visitedClasses="0" numClasses="1" visitedMethods="0" numMethods="1" />
          <FullName>NumerosRomanos.ConsoleApp.Program</FullName>
          <Methods>
            <Method cyclomaticComplexity="1" nPathComplexity="0" sequenceCoverage="0" branchCoverage="100" isConstructor="False" isGetter="False" isSetter="False" isStatic="True">
              <Summary numSequencePoints="2" visitedSequencePoints="0" numBranchPoints="0" visitedBranchPoints="0" sequenceCoverage="0" branchCoverage="100" maxCyclomaticComplexity="1" minCyclomaticComplexity="1" visitedClasses="0" numClasses="0" visitedMethods="0" numMethods="1" />
              <MetadataToken />
              <Name>System.Void NumerosRomanos.ConsoleApp.Program::Main(System.String[])</Name>
              <FileRef uid="4" />
              <SequencePoints>
                <SequencePoint vc="0" uspid="8" ordinal="0" sl="8" sc="1" el="8" ec="2" bec="0" bev="0" fileid="4" />
                <SequencePoint vc="0" uspid="12" ordinal="1" sl="12" sc="1" el="12" ec="2" bec="0" bev="0" fileid="4" />
              </SequencePoints>
              <BranchPoints />
              <MethodPoint vc="0" uspid="0" p8:type="SequencePoint" ordinal="0" offset="0" sc="0" sl="8" ec="1" el="12" bec="0" bev="0" fileid="4" xmlns:p8="xsi" />
            </Method>
          </Methods>
        </Class>
      </Classes>
    </Module>
  </Modules>
</CoverageSession>